0 info it worked if it ends with ok
1 verbose cli [ '/usr/local/bin/node', '/usr/local/bin/npm', 'publish' ]
2 info using npm@3.10.3
3 info using node@v6.3.1
4 verbose publish [ '.' ]
5 silly cache add args [ '.', null ]
6 verbose cache add spec .
7 silly cache add parsed spec Result {
7 silly cache add   raw: '.',
7 silly cache add   scope: null,
7 silly cache add   escapedName: null,
7 silly cache add   name: null,
7 silly cache add   rawSpec: '.',
7 silly cache add   spec: '/Users/xingbozhang/webpack-demo',
7 silly cache add   type: 'directory' }
8 verbose addLocalDirectory /Users/xingbozhang/.npm/webpack-demo/1.0.0/package.tgz not in flight; packing
9 verbose correctMkdir /Users/xingbozhang/.npm correctMkdir not in flight; initializing
10 info lifecycle webpack-demo@1.0.0~prepublish: webpack-demo@1.0.0
11 silly lifecycle webpack-demo@1.0.0~prepublish: no script for prepublish, continuing
12 verbose tar pack [ '/Users/xingbozhang/.npm/webpack-demo/1.0.0/package.tgz',
12 verbose tar pack   '/Users/xingbozhang/webpack-demo' ]
13 verbose tarball /Users/xingbozhang/.npm/webpack-demo/1.0.0/package.tgz
14 verbose folder /Users/xingbozhang/webpack-demo
15 verbose addLocalTarball adding from inside cache /Users/xingbozhang/.npm/webpack-demo/1.0.0/package.tgz
16 verbose correctMkdir /Users/xingbozhang/.npm correctMkdir not in flight; initializing
17 silly cache afterAdd webpack-demo@1.0.0
18 verbose afterAdd /Users/xingbozhang/.npm/webpack-demo/1.0.0/package/package.json not in flight; writing
19 verbose correctMkdir /Users/xingbozhang/.npm correctMkdir not in flight; initializing
20 verbose afterAdd /Users/xingbozhang/.npm/webpack-demo/1.0.0/package/package.json written
21 silly publish { name: 'webpack-demo',
21 silly publish   version: '1.0.0',
21 silly publish   description: '',
21 silly publish   main: 'index.js',
21 silly publish   scripts:
21 silly publish    { dev: 'webpack-dev-server --devtool eval-source-map --progress --colors --hot --inline --content-base ./',
21 silly publish      build: 'webpack' },
21 silly publish   keywords: [],
21 silly publish   author: '',
21 silly publish   license: 'ISC',
21 silly publish   repository: { type: 'git', url: 'git+https://github.com/xingdev/demo.git' },
21 silly publish   devDependencies:
21 silly publish    { 'extract-text-webpack-plugin': '^2.1.0',
21 silly publish      webpack: '^2.4.1',
21 silly publish      'webpack-dev-server': '^2.4.2' },
21 silly publish   dependencies:
21 silly publish    { 'css-loader': '^0.28.0',
21 silly publish      'style-loader': '^0.16.1',
21 silly publish      lodash: '^4.17.4' },
21 silly publish   bugs: { url: 'https://github.com/xingdev/demo/issues' },
21 silly publish   readme: 'ERROR: No README data found!',
21 silly publish   homepage: 'https://github.com/xingdev/demo#readme',
21 silly publish   _id: 'webpack-demo@1.0.0',
21 silly publish   _shasum: '6bf8fd320e2a792be4d70d9bb350ba0177f0536d',
21 silly publish   _from: '.' }
22 verbose getPublishConfig undefined
23 silly mapToRegistry name webpack-demo
24 silly mapToRegistry using default registry
25 silly mapToRegistry registry http://repo.ekuaibao.com/repository/npm-group/
26 silly mapToRegistry data Result {
26 silly mapToRegistry   raw: 'webpack-demo',
26 silly mapToRegistry   scope: null,
26 silly mapToRegistry   escapedName: 'webpack-demo',
26 silly mapToRegistry   name: 'webpack-demo',
26 silly mapToRegistry   rawSpec: '',
26 silly mapToRegistry   spec: 'latest',
26 silly mapToRegistry   type: 'tag' }
27 silly mapToRegistry uri http://repo.ekuaibao.com/repository/npm-group/webpack-demo
28 verbose publish registryBase http://repo.ekuaibao.com/repository/npm-group/
29 silly publish uploading /Users/xingbozhang/.npm/webpack-demo/1.0.0/package.tgz
30 verbose request uri http://repo.ekuaibao.com/repository/npm-group/webpack-demo
31 verbose request sending authorization for write operation
32 info attempt registry request try #1 at 16:53:27
33 verbose request using bearer token for auth
34 verbose request id 43e82c70e5c27358
35 http request PUT http://repo.ekuaibao.com/repository/npm-group/webpack-demo
36 http 400 http://repo.ekuaibao.com/repository/npm-group/webpack-demo
37 verbose headers { date: 'Wed, 19 Apr 2017 08:53:26 GMT',
37 verbose headers   server: 'Nexus/3.2.0-01 (OSS)',
37 verbose headers   'x-frame-options': 'SAMEORIGIN',
37 verbose headers   'x-content-type-options': 'nosniff',
37 verbose headers   connection: 'close' }
38 verbose request invalidating /Users/xingbozhang/.npm/repo.ekuaibao.com/repository/npm-group/webpack-demo on PUT
39 error publish Failed PUT 400
40 verbose stack Error: 400 Bad Request
40 verbose stack     at makeError (/usr/local/lib/node_modules/npm/node_modules/npm-registry-client/lib/request.js:264:12)
40 verbose stack     at CachingRegistryClient.<anonymous> (/usr/local/lib/node_modules/npm/node_modules/npm-registry-client/lib/request.js:215:9)
40 verbose stack     at Request._callback (/usr/local/lib/node_modules/npm/node_modules/npm-registry-client/lib/request.js:172:14)
40 verbose stack     at Request.self.callback (/usr/local/lib/node_modules/npm/node_modules/request/request.js:200:22)
40 verbose stack     at emitTwo (events.js:106:13)
40 verbose stack     at Request.emit (events.js:191:7)
40 verbose stack     at Request.<anonymous> (/usr/local/lib/node_modules/npm/node_modules/request/request.js:1067:10)
40 verbose stack     at emitOne (events.js:101:20)
40 verbose stack     at Request.emit (events.js:188:7)
40 verbose stack     at IncomingMessage.<anonymous> (/usr/local/lib/node_modules/npm/node_modules/request/request.js:988:12)
41 verbose statusCode 400
42 verbose cwd /Users/xingbozhang/webpack-demo
43 error Darwin 15.3.0
44 error argv "/usr/local/bin/node" "/usr/local/bin/npm" "publish"
45 error node v6.3.1
46 error npm  v3.10.3
47 error code E400
48 error 400 Bad Request
49 error If you need help, you may report this error at:
49 error     <https://github.com/npm/npm/issues>
50 verbose exit [ 1, true ]
